  [4;36;1mSQL (0.1ms)[0m   [0;1mSET NAMES 'utf8'[0m
  [4;35;1mSQL (0.1ms)[0m   [0mSET SQL_AUTO_IS_NULL=0[0m
  [4;36;1mSQL (36.8ms)[0m   [0;1mSHOW TABLES[0m
  [4;35;1mSQL (0.3ms)[0m   [0mSHOW TABLES[0m
  [4;36;1mSQL (576.6ms)[0m   [0;1mCREATE TABLE `schema_migrations` (`version` varchar(255) NOT NULL) ENGINE=InnoDB[0m
  [4;35;1mSQL (75.8ms)[0m   [0mSHOW KEYS FROM `schema_migrations`[0m
  [4;36;1mSQL (156.0ms)[0m   [0;1mCREATE UNIQUE INDEX `unique_schema_migrations` ON `schema_migrations` (`version`)[0m
  [4;35;1mSQL (0.8ms)[0m   [0mSHOW TABLES[0m
  [4;36;1mSQL (0.3ms)[0m   [0;1mSHOW TABLES[0m
  [4;35;1mSQL (38.7ms)[0m   [0mSELECT version FROM schema_migrations[0m
  [4;36;1mSQL (0.2ms)[0m   [0;1mSHOW TABLES[0m
  [4;36;1mSQL (0.1ms)[0m   [0;1mSET NAMES 'utf8'[0m
  [4;35;1mSQL (0.1ms)[0m   [0mSET SQL_AUTO_IS_NULL=0[0m
  [4;36;1mSQL (0.4ms)[0m   [0;1mSHOW TABLES[0m
  [4;35;1mSQL (0.1ms)[0m   [0mSET NAMES 'utf8'[0m
  [4;36;1mSQL (0.1ms)[0m   [0;1mSET SQL_AUTO_IS_NULL=0[0m
  [4;35;1mUser Columns (0.0ms)[0m   [0mMysql::Error: Table 'k-wiw_development.users' doesn't exist: SHOW FIELDS FROM `users`[0m
  [4;36;1mSQL (0.1ms)[0m   [0;1mSET NAMES 'utf8'[0m
  [4;35;1mSQL (0.1ms)[0m   [0mSET SQL_AUTO_IS_NULL=0[0m
  [4;36;1mSQL (0.3ms)[0m   [0;1mSHOW TABLES[0m
  [4;35;1mSQL (0.2ms)[0m   [0mSELECT version FROM schema_migrations[0m
  [4;36;1mSQL (0.4ms)[0m   [0;1mSHOW TABLES[0m
  [4;35;1mSQL (0.4ms)[0m   [0mSHOW TABLES[0m
  [4;36;1mSQL (0.1ms)[0m   [0;1mSET NAMES 'utf8'[0m
  [4;35;1mSQL (0.1ms)[0m   [0mSET SQL_AUTO_IS_NULL=0[0m
  [4;36;1mSQL (0.4ms)[0m   [0;1mSHOW TABLES[0m
  [4;35;1mSQL (0.4ms)[0m   [0mSHOW TABLES[0m
  [4;36;1mSQL (0.2ms)[0m   [0;1mSELECT version FROM schema_migrations[0m
Migrating to HoboMigration1 (20101117130332)
  [4;35;1mSQL (18.3ms)[0m   [0mCREATE TABLE `users` (`id` int(11) DEFAULT NULL auto_increment PRIMARY KEY, `crypted_password` varchar(40), `salt` varchar(40), `remember_token` varchar(255), `remember_token_expires_at` datetime, `name` varchar(255), `email_address` varchar(255), `administrator` tinyint(1) DEFAULT 0, `created_at` datetime, `updated_at` datetime, `state` varchar(255) DEFAULT 'invited', `key_timestamp` datetime) ENGINE=InnoDB[0m
  [4;36;1mSQL (25.8ms)[0m   [0;1mSHOW KEYS FROM `users`[0m
  [4;35;1mSQL (34.9ms)[0m   [0mCREATE INDEX `index_users_on_state` ON `users` (`state`)[0m
  [4;36;1mSQL (1.1ms)[0m   [0;1mINSERT INTO schema_migrations (version) VALUES ('20101117130332')[0m
  [4;35;1mSQL (1.1ms)[0m   [0mSHOW TABLES[0m
  [4;36;1mSQL (15.9ms)[0m   [0;1mSELECT version FROM schema_migrations[0m
  [4;35;1mSQL (0.3ms)[0m   [0mSHOW TABLES[0m
  [4;36;1mSQL (1.0ms)[0m   [0;1mSHOW FIELDS FROM `users`[0m
  [4;35;1mSQL (0.7ms)[0m   [0mdescribe `users`[0m
  [4;36;1mSQL (0.4ms)[0m   [0;1mSHOW KEYS FROM `users`[0m
  [4;36;1mSQL (0.1ms)[0m   [0;1mSET NAMES 'utf8'[0m
  [4;35;1mSQL (0.1ms)[0m   [0mSET SQL_AUTO_IS_NULL=0[0m
  [4;36;1mSQL (0.4ms)[0m   [0;1mSHOW TABLES[0m
  [4;35;1mSQL (0.2ms)[0m   [0mSHOW TABLES[0m
  [4;36;1mUser Columns (0.8ms)[0m   [0;1mSHOW FIELDS FROM `users`[0m
  [4;35;1mSQL (0.2ms)[0m   [0mSET NAMES 'utf8'[0m
  [4;36;1mSQL (2.0ms)[0m   [0;1mSET SQL_AUTO_IS_NULL=0[0m


Processing FrontController#index (for 127.0.0.1 at 2010-11-17 14:03:55) [GET]
Rendering front/index
  DRYML: Compiled /usr/lib/ruby/gems/1.8/gems/hobo-1.0.1/taglibs/core.dryml in 0.02s
  DRYML: Compiled app/views/taglibs/application.dryml in 0.00s
  DRYML: Compiled /usr/lib/ruby/gems/1.8/gems/hobo-1.0.1/taglibs/rapid_core.dryml in 0.27s
  DRYML: Compiled /usr/lib/ruby/gems/1.8/gems/hobo-1.0.1/taglibs/rapid_support.dryml in 0.13s
  DRYML: Compiled /usr/lib/ruby/gems/1.8/gems/hobo-1.0.1/taglibs/rapid_document_tags.dryml in 0.05s
  DRYML: Compiled /usr/lib/ruby/gems/1.8/gems/hobo-1.0.1/taglibs/rapid_pages.dryml in 0.27s
  DRYML: Compiled /usr/lib/ruby/gems/1.8/gems/hobo-1.0.1/taglibs/rapid_editing.dryml in 0.09s
  DRYML: Compiled /usr/lib/ruby/gems/1.8/gems/hobo-1.0.1/taglibs/rapid_forms.dryml in 0.49s
  DRYML: Compiled /usr/lib/ruby/gems/1.8/gems/hobo-1.0.1/taglibs/rapid_navigation.dryml in 0.19s
  DRYML: Compiled /usr/lib/ruby/gems/1.8/gems/hobo-1.0.1/taglibs/rapid_plus.dryml in 0.24s
  DRYML: Compiled /usr/lib/ruby/gems/1.8/gems/hobo-1.0.1/taglibs/rapid_generics.dryml in 0.03s
  DRYML: Compiled /usr/lib/ruby/gems/1.8/gems/hobo-1.0.1/taglibs/rapid_lifecycles.dryml in 0.01s
  DRYML: Compiled /usr/lib/ruby/gems/1.8/gems/hobo-1.0.1/taglibs/rapid_summary.dryml in 0.26s
  DRYML: Compiled /usr/lib/ruby/gems/1.8/gems/hobo-1.0.1/taglibs/rapid_user_pages.dryml in 0.30s
  DRYML: Compiled /usr/lib/ruby/gems/1.8/gems/hobo-1.0.1/taglibs/rapid.dryml in 2.37s
  DRYML: Compiled app/views/taglibs/auto/rapid/cards.dryml in 0.02s
  DRYML: Compiled app/views/taglibs/auto/rapid/pages.dryml in 0.28s
  DRYML: Compiled app/views/taglibs/auto/rapid/forms.dryml in 0.05s
  DRYML: Compiled app/views/taglibs/themes/clean/clean.dryml in 0.01s
  DRYML: Compiled app/views/taglibs/front_site.dryml in 2.75s
  DRYML: Compiled app/views/front/index.dryml in 2.85s
  [4;35;1mUser Load (0.4ms)[0m   [0mSELECT * FROM `users` LIMIT 30[0m
  [4;36;1mSQL (28.7ms)[0m   [0;1mSELECT count(*) AS count_all FROM `users` [0m
  [4;35;1mCACHE (0.0ms)[0m   [0mSELECT count(*) AS count_all FROM `users` [0m
  [4;36;1mCACHE (0.0ms)[0m   [0;1mSELECT count(*) AS count_all FROM `users` [0m
  [4;35;1mCACHE (0.0ms)[0m   [0mSELECT count(*) AS count_all FROM `users` [0m
  [4;36;1mCACHE (0.0ms)[0m   [0;1mSELECT count(*) AS count_all FROM `users` [0m
  [4;35;1mCACHE (0.0ms)[0m   [0mSELECT count(*) AS count_all FROM `users` [0m
  [4;36;1mCACHE (0.0ms)[0m   [0;1mSELECT count(*) AS count_all FROM `users` [0m
  [4;35;1mCACHE (0.0ms)[0m   [0mSELECT count(*) AS count_all FROM `users` [0m
  [4;36;1mCACHE (0.0ms)[0m   [0;1mSELECT count(*) AS count_all FROM `users` [0m
  [4;35;1mCACHE (0.0ms)[0m   [0mSELECT count(*) AS count_all FROM `users` [0m
Completed in 3211ms (View: 3171, DB: 31) | 200 OK [http://localhost/]
  [4;36;1mSQL (0.1ms)[0m   [0;1mSET NAMES 'utf8'[0m
  [4;35;1mSQL (0.1ms)[0m   [0mSET SQL_AUTO_IS_NULL=0[0m
  [4;36;1mSQL (0.4ms)[0m   [0;1mSHOW TABLES[0m
  [4;35;1mSQL (0.2ms)[0m   [0mSHOW TABLES[0m
  [4;36;1mUser Columns (1.0ms)[0m   [0;1mSHOW FIELDS FROM `users`[0m


Processing UsersController#create (for 127.0.0.1 at 2010-11-17 14:04:33) [POST]
  Parameters: {"page_path"=>"front/index", "action"=>"create", "authenticity_token"=>"0TvTXZnh1f4xsW1BNgkBE5oNj13mOsDRRRavWms14+s=", "controller"=>"users", "user"=>{"name"=>"mikiadmin", "password_confirmation"=>"[FILTERED]", "email_address"=>"miklos.beky@gmail.com", "password"=>"[FILTERED]"}}
  [4;35;1mSQL (0.1ms)[0m   [0mBEGIN[0m
  [4;36;1mSQL (0.4ms)[0m   [0;1mSELECT count(*) AS count_all FROM `users` [0m
  [4;35;1mCACHE (0.0ms)[0m   [0mSELECT count(*) AS count_all FROM `users` [0m
  [4;36;1mUser Load (41.0ms)[0m   [0;1mSELECT `users`.id FROM `users` WHERE (`users`.`name` = BINARY 'mikiadmin') LIMIT 1[0m
  [4;35;1mUser Load (0.4ms)[0m   [0mSELECT `users`.id FROM `users` WHERE (LOWER(`users`.`email_address`) = BINARY 'miklos.beky@gmail.com') LIMIT 1[0m
  [4;36;1mCACHE (0.0ms)[0m   [0;1mSELECT count(*) AS count_all FROM `users` [0m
  [4;35;1mUser Create (15.1ms)[0m   [0mINSERT INTO `users` (`salt`, `name`, `key_timestamp`, `created_at`, `crypted_password`, `remember_token_expires_at`, `updated_at`, `administrator`, `remember_token`, `email_address`, `state`) VALUES('227f7584046f62d118908a1543d44b5b18b0944e', 'mikiadmin', NULL, '2010-11-17 13:04:34', 'cd2368ad96996874fa9c5e99a293b0cc072dfb91', NULL, '2010-11-17 13:04:34', 1, NULL, 'miklos.beky@gmail.com', 'invited')[0m
  [4;36;1mSQL (4.7ms)[0m   [0;1mCOMMIT[0m
  [4;35;1mSQL (0.1ms)[0m   [0mBEGIN[0m
  [4;36;1mUser Load (0.5ms)[0m   [0;1mSELECT `users`.id FROM `users` WHERE (`users`.`name` = BINARY 'mikiadmin' AND `users`.id <> 1) LIMIT 1[0m
  [4;35;1mUser Load (0.2ms)[0m   [0mSELECT `users`.id FROM `users` WHERE (LOWER(`users`.`email_address`) = BINARY 'miklos.beky@gmail.com' AND `users`.id <> 1) LIMIT 1[0m
  [4;36;1mSQL (0.1ms)[0m   [0;1mROLLBACK[0m
Redirected to http://localhost:3000
Completed in 398ms (DB: 64) | 302 Found [http://localhost/users]
  [4;35;1mSQL (0.1ms)[0m   [0mSET NAMES 'utf8'[0m
  [4;36;1mSQL (0.1ms)[0m   [0;1mSET SQL_AUTO_IS_NULL=0[0m
  [4;35;1mSQL (0.4ms)[0m   [0mSHOW TABLES[0m
  [4;36;1mSQL (0.2ms)[0m   [0;1mSHOW TABLES[0m
  [4;35;1mUser Columns (0.9ms)[0m   [0mSHOW FIELDS FROM `users`[0m


Processing FrontController#index (for 127.0.0.1 at 2010-11-17 14:04:34) [GET]
  [4;36;1mUser Load (0.4ms)[0m   [0;1mSELECT * FROM `users` WHERE (`users`.`id` = 1) [0m
Rendering front/index
  [4;35;1mUser Load (0.4ms)[0m   [0mSELECT * FROM `users` LIMIT 30[0m
  [4;36;1mSQL (0.3ms)[0m   [0;1mSELECT count(*) AS count_all FROM `users` [0m
Completed in 272ms (View: 262, DB: 3) | 200 OK [http://localhost/]
  [4;35;1mSQL (0.1ms)[0m   [0mSET NAMES 'utf8'[0m
  [4;36;1mSQL (0.1ms)[0m   [0;1mSET SQL_AUTO_IS_NULL=0[0m
  [4;35;1mSQL (0.4ms)[0m   [0mSHOW TABLES[0m
  [4;36;1mSQL (0.2ms)[0m   [0;1mSHOW TABLES[0m
  [4;35;1mUser Columns (0.9ms)[0m   [0mSHOW FIELDS FROM `users`[0m


Processing UsersController#account (for 127.0.0.1 at 2010-11-17 14:04:42) [GET]
  Parameters: {"action"=>"account", "id"=>"1-mikiadmin", "controller"=>"users"}
  [4;36;1mUser Load (0.4ms)[0m   [0;1mSELECT * FROM `users` WHERE (`users`.`id` = 1) [0m
  [4;35;1mCACHE (0.0ms)[0m   [0mSELECT * FROM `users` WHERE (`users`.`id` = 1) [0m
  [4;36;1mUser Load (0.4ms)[0m   [0;1mSELECT * FROM `users` LIMIT 30[0m
Completed in 504ms (View: 493, DB: 2) | 200 OK [http://localhost/users/1-mikiadmin/account]
  [4;35;1mSQL (0.1ms)[0m   [0mSET NAMES 'utf8'[0m
  [4;36;1mSQL (0.1ms)[0m   [0;1mSET SQL_AUTO_IS_NULL=0[0m
  [4;35;1mSQL (0.4ms)[0m   [0mSHOW TABLES[0m
  [4;36;1mSQL (0.2ms)[0m   [0;1mSHOW TABLES[0m
  [4;35;1mUser Columns (0.8ms)[0m   [0mSHOW FIELDS FROM `users`[0m


Processing Admin::UsersController#index (for 127.0.0.1 at 2010-11-17 14:04:45) [GET]
  [4;36;1mUser Load (0.4ms)[0m   [0;1mSELECT * FROM `users` WHERE (`users`.`id` = 1) [0m
  [4;35;1mUser Load (0.8ms)[0m   [0mSELECT * FROM `users` LIMIT 0, 30[0m
Rendering admin/users/index
  DRYML: Compiled app/views/taglibs/auto/admin/rapid/cards.dryml in 0.02s
  DRYML: Compiled app/views/taglibs/auto/admin/rapid/pages.dryml in 0.33s
  DRYML: Compiled app/views/taglibs/auto/admin/rapid/forms.dryml in 0.05s
  DRYML: Compiled app/views/taglibs/admin_site.dryml in 0.76s
  DRYML: Compiled app/views/admin/users/index.dryml in 0.77s
  [4;36;1mUser Load (0.4ms)[0m   [0;1mSELECT * FROM `users` LIMIT 30[0m
  [4;35;1mSQL (0.4ms)[0m   [0mSELECT count(*) AS count_all FROM `users` [0m
Completed in 856ms (View: 842, DB: 4) | 200 OK [http://localhost/admin/users]
  [4;36;1mSQL (0.1ms)[0m   [0;1mSET NAMES 'utf8'[0m
  [4;35;1mSQL (0.1ms)[0m   [0mSET SQL_AUTO_IS_NULL=0[0m
  [4;36;1mSQL (0.4ms)[0m   [0;1mSHOW TABLES[0m
  [4;35;1mSQL (0.3ms)[0m   [0mSHOW TABLES[0m
  [4;36;1mUser Columns (0.8ms)[0m   [0;1mSHOW FIELDS FROM `users`[0m


Processing FrontController#index (for 127.0.0.1 at 2010-11-17 14:04:52) [GET]
  [4;35;1mUser Load (0.4ms)[0m   [0mSELECT * FROM `users` WHERE (`users`.`id` = 1) [0m
Rendering front/index
  [4;36;1mUser Load (0.4ms)[0m   [0;1mSELECT * FROM `users` LIMIT 30[0m
  [4;35;1mSQL (0.4ms)[0m   [0mSELECT count(*) AS count_all FROM `users` [0m
Completed in 426ms (View: 420, DB: 3) | 200 OK [http://localhost/]
