MATCHED:     | 1909510040.xml | 1817 | Ve-Spa Kft. | VE-SPA 2008 Ingatlanberuházó és Ingatlanhasznosító Korlátolt Felelősségű Társaság
already complexed:  109260385.xml | 4817 | SODEXO Magyarország Kft. | SODEXO Magyarország Szolgáltató Kft.
already complexed:  109902511.xml | 20313 | Fapadoskonyv. hu Szolgáltató Korlátolt Felelősségű Társaság | Fapadoskonyv. hu Szolgáltató Korlátolt Felelősségű Társaság
already complexed:  2009068986.xml | 7173 | Georgikon Tanüzem Nonprofit Kft. | Georgikon Tanüzem Oktató és Kutatás-hasznosító Kiemelkedően Közhasznú Nonprofit Korlátolt Felelősségű Társaság
already complexed:  1809108899.xml | 5972 | Szlovén Vidék Közhasznú Nonprofit Kft. | Szlovén Vidék Gazdaságfejlesztési Szolgáltató Közhasznú Nonprofit Korlátolt Felelősségű Társaság
already complexed:  109361752.xml | 20320 | Biotest Hungaria Kereskedelmi és Szolgáltató Korlátolt Felelősségű Társaság | Biotest Hungaria Korlátolt Felelősségű TársaságBiotest Hungaria Kereskedelmi és Szolgáltató Korlátolt Felelősségű Társaság
already complexed:  109891620.xml | 3998 | Fulltec Computer Kft. | FULLTEC COMPUTER Kereskedelmi és Szolgáltató Korlátolt Felelősségű Társaság
already complexed:  109723211.xml | 20324 | Zsombolyai Ingatlanhasznosító Kft. | Zsombolyai Ingatlanhasznosító Kft.
already complexed:  109908669.xml | 20329 | PUBLICITY-AIM kommunikációs SzolgáltatóKorlátolt Felelősségű Társaság | PUBLICITY-AIM kommunikációs SzolgáltatóKorlátolt Felelősségű Társaság
already complexed:  809015789.xml | 20330 | SZIGETKÖZ. NET Korlátolt Felelősségű Társaság | SZIGETKÖZ. NET Korlátolt Felelősségű Társaság
already complexed:  109878978.xml | 20331 | AST Consulting Szolgáltató és Tanácsadó Korlátolt Felelősségű Társaság | AST Consulting Szolgáltató és Tanácsadó Korlátolt Felelősségű Társaság
already complexed:  109860595.xml | 3530 | Rot 56 Kft. | ROT 56 Ingatlanfejlesztő és Ingatlanforgalmazó Korlátolt Felelősségű Társaság
already complexed:  109685662.xml | 20332 | KOLFINE Építőipari Szolgáltató Kereskedelmi és Vendéglátó Korlátolt Felelősségű Társaság | KOLFINE Építőipari Szolgáltató Kereskedelmi és Vendéglátó Korlátolt Felelősségű Társaság
not matched: | 1409310538.xml | 1301 | Security Audit Kft. | Hálózat Biztonság Audit Szolgáltató és Tanácsadó Korlátolt Felelősségű Társaság
already complexed:  1410300033.xml | 20337 | HM KASZÓ Erdőgazdaság Zártkörűen Működő Részvénytársaság | HM KASZÓ Erdőgazdaság Zártkörűen Működő Részvénytársaság
not matched: | 109669821.xml | 3442 | Immo Prompt Kft. | PROMPT-IMMO Kereskedelmi és Szolgáltató Korlátolt Felelősségű Társaság
not matched: | 709008704.xml | 3983 | Testőr Kft. | "FWD 21" Építészeti-Kivitelezési-Szervezési Korlátolt Felelősségű Társaság
MATCHED:     | 706001978.xml | 896 | Csapó Bt. | "CSAPÓ" Kereskedelmi Betéti Társaság
MATCHED:     | 1109012670.xml | 5195 | SCH-ÉPKER Kft. | SCH-ÉPKER Építőipari, Kereskedelmi és Szolgáltató Korlátolt Felelősségű Társaság
not matched: | 109680564.xml | 403 | Wirtass Kft. | Liverani Korlátolt Felelősségű Társaság
MATCHED:     | 109919580.xml | 4651 | Budapest Esély Nonprofit Kft. | "BUDAPEST ESÉLY Nonprofit Korlátolt Felelősségű Társaság"
MATCHED:     | 110042863.xml | 685 | Petroltank Rt. | PETROLTANK Kereskedelmi Részvénytársaság
MATCHED:     | 106618912.xml | 2123 | Market Fres-Co Bt. | MARKET FRES-CO Kereskedelmi és Szolgáltató Betéti Társaság
MATCHED:     | 110042818.xml | 2584 | Agrolízing Rt. | AGROLÍZING Pénzügyi, Kereskedelmi és Szolgáltató RészvénytársaságAGROLÍZING KERESKEDŐHÁZ Pénzügyi, Kereskedelmi és Szolgáltató Részvénytársaság
MATCHED:     | 1509072281.xml | 2540 | Mándok Logistic Kft. | MÁNDOK Logistic Korlátolt Felelősségű Társaság
MATCHED:     | 1909506767.xml | 5049 | „Polip 2001” Építőipari, Faipari és Szolgáltató Kft. | "Polip 2001" Építőipari, Faipari és Szolgáltató Korlátolt Felelősségű Társaság
MATCHED:     | 109262688.xml | 4960 | Országos Vízügyi Beruházási Mérnöki Konzulens és Tervező Kft. | Országos Vízügyi Beruházási Mérnöki Konzulens és Tervező Korlátolt Felelősségű Társaság
MATCHED:     | 109070807.xml | 913 | Voláncom Kft. | VOLÁNCOM Közlekedési és Kommunikációs Korlátolt Felelősségű Társaság
MATCHED:     | 109062651.xml | 1013 | Középszolg Kft. | "KÖZÉPSZOLG" Ipari Kereskedelmi és Szolgáltató Korlátolt Felelősségű Társaság
MATCHED:     | 1009028598.xml | 5728 | Robotechnik Kereskedelmi Kft. | ROBOTECHNIK Kereskedelmi Korlátolt Felelősségű Társaság
MATCHED:     | 109698102.xml | 2783 | Wirral Kft. | Wirral Szolgáltató Korlátolt Felelősségű Társaság
MATCHED:     | 1809105760.xml | 4092 | BFH Európa Kft. | BFH Európa Projektfejlesztő és Tanácsadó Korlátolt Felelősségű Társaság
MATCHED:     | 109673365.xml | 5967 | Horváth Klíma Kft. | KLÍMA CIKLON FÁZMÁN ÉS HORVÁTH Épületgépészeti Korlátolt Felelősségű Társaság
MATCHED:     | 109464862.xml | 824 | Z.I.B. Consulting Kft. | Z. I. B. Consulting Tanácsadó és Szolgáltató Korlátolt Felelősségű Társaság
MATCHED:     | 109062752.xml | 6701 | Paletta Press Kft. | PALETTA PRESS Korlátolt Felelősségű Társaság
MATCHED:     | 110042247.xml | 7563 | Pénzjegynyomda Zrt. | Pénzjegynyomda Zártkörűen Működő Részvénytársaság
MATCHED:     | 609007142.xml | 2598 | Zöldes Út Kft. | Zöldes Út Ingatlanfejlesztő és Hasznosító Korlátolt Felelősségű Társaság
MATCHED:     | 1309124501.xml | 1117 | Fóti Közszolgáltató Kft. | FÓTI Közszolgáltató Korlátolt Felelősségű Társaság
MATCHED:     | 109163711.xml | 4537 | Novomed Kft. | "NOVOMED - SYSTEMS" Számítástechnikai Kereskedelmi és Szolgáltató Korlátolt Felelősségű Társaság
MATCHED:     | 1309121708.xml | 7027 | KÁTY-ÚT Építőipari és Szolgáltató Kft. | KÁTY-ÚT Építőipari és Szolgáltató Korlátolt Felelősségű Társaság
not matched: | 109674638.xml | 2918 | MatávKábelTv Kft. | T-Kábel Magyarország Kábeltelevíziós Szolgáltató Korlátolt Felelősségű Társaság
MATCHED:     | 109685670.xml | 6114 | Streamnet Kft. | STREAMNET Kereskedelmi és Szolgáltató Korlátolt Felelősségű Társaság
MATCHED:     | 1209002115.xml | 2610 | Nógrádtrade Plus KFt. | NÓGRÁDTRADE PLUS Termeltetési Kereskedelmi és Szolgáltató Korlátolt Felelősségű Társaság
not matched: | 109673334.xml | 3227 | NetAktív Kft. | B&P Consulting Korlátolt Felelősségű Társaság
MATCHED:     | 1809106134.xml | 2455 | Kemenesalja Agráripari Kft. | Kemenesalja Agráripari Korlátolt Felelősségű Társaság
not matched: | 109164330.xml | 392 | Puerto S.R.L. | JUHAR-FA Épitőipari, Kereskedelmi és Szolgáltató Korlátolt Felelősségű Társaság
not matched: | 1509067255.xml | 537 | Szenzor Kft. | "SZENZOR-DE" Kereskedelmi és Szolgáltató Korlátolt Felelősségű Társaság
MATCHED:     | 109736883.xml | 1552 | Employers Consulting Kft. | Employers Consulting Ingatlanforgalmazó és Tanácsadó Korlátolt Felelősségű Társaság
MATCHED:     | 609004917.xml | 5962 | BENDEGÚZ 95 KFT. | Bendegúz 95 Építőipari, Kereskedelmi és Szolgáltató Korlátolt Felelősségű Társaság
MATCHED:     | 1910500030.xml | 4781 | VeszprémBer Veszprémi Beruházási, Vállalkozási és Befektetési Zrt. | VeszprémBer Veszprémi Beruházási, Vállalkozási és Befektetési Zártkörűen Működő Részvénytársaság
MATCHED:     | 909012201.xml | 4421 | EURO CAMPUS Kft. | EURO CAMPUS Kereskedelmi és Szolgáltató Korlátolt Felelősségű Társaság
not matched: | 1509067294.xml | 4289 | Örökzöld Kft. | "NYÍR-ÖRÖKZÖLD" Kereskedelmi és Szolgáltató Korlátolt Felelősségű Társaság
MATCHED:     | 109717525.xml | 2844 | Bernard Simpson Tanácsadó Kft. | Bernard Simpson Tanácsadó Korlátolt Felelősségű Társaság
MATCHED:     | 109718140.xml | 2031 | Whitman Pearce és Társai Tanácsadó Kft. | Whitman Pearce és Társai Tanácsadó Korlátolt Felelősségű Társaság "végelszámolás alatt"
MATCHED:     | 909017142.xml | 7579 | Euro-Régió Ház Közhasznú Nonprofit Kft. | Euro-Régió Ház Közhasznú Nonprofit Korlátolt Felelősségű Társaság
MATCHED:     | 109464819.xml | 7156 | GYŐRBER Kft. | GYŐRBER Mérnöki és Szolgáltató Korlátolt Felelősségű Társaság
not matched: | 1309087755.xml | 2562 | BÁL-NA Produkció Kft. | PROVE Szolgáltató Korlátolt Felelősségű TársaságBÁL-NA Produkció Kulturális Szolgáltató és Reklám Korlátolt Felelősségű Társaság
MATCHED:     | 2009060779.xml | 6450 | Integrál-M Kft. | "INTEGRÁL-M" Kereskedelmi Korlátolt Felelősségű Társaság
MATCHED:     | 2009069657.xml | 317 | Hévízgyógyfürdő Nonprofit Kft. | Hévízgyógyfürdő és Szent András Reumakórház Nonprofit Korlátolt Felelősségű Társaság
MATCHED:     | 1309107024.xml | 6218 | BSZT Kft. | BSZT Építőipari, Kereskedelmi és Szolgáltató Korlátolt Felelősségű Társaság
MATCHED:     | 109708304.xml | 3962 | Insomnia Reklámügynökség Kft. | INSOMNIA Reklámügynökség Korlátolt Felelősségű Társaság
MATCHED:     | 109878027.xml | 6424 | Kertvárosi Sportlétesítményeket Üzemeltető Kft. | Kertvárosi Sportlétesítményeket Üzemeltető Korlátolt Felelősségű Társaság
MATCHED:     | 109365306.xml | 2279 | AXIS-BAU Kft. | AXIS 2000 Építőipari Korlátolt Felelősségű TársaságAX-BAU Építőipari Korlátolt Felelősségű Társaság
MATCHED:     | 209063200.xml | 3755 | Ferling PR Tanácsadó és Szolgáltató Kft. | FERLING PR&COMMUNICATIONS Kft.
not matched: | 506008964.xml | 1095 | DAM Bt. |  DAM-FIX Műanyagipari Szolgáltató Betéti Társaság felszámolás alatt 
MATCHED:     | 109687327.xml | 30 | Centrum Parkoló Rendszer Kft. | CENTRUM PARKOLÓ RENDSZER Parkolás Szolgáltató Korlátolt Felelősségű Társaság
MATCHED:     | 109733078.xml | 7249 | Hajdú Közmű Kft. | Hajdú Közmű Közműépítő Korlátolt Felelősségű Társaság
MATCHED:     | 409005267.xml | 3922 | KVÁDER Kft. | "KVÁDER" Építőipari, Szolgáltató Korlátolt Felelősségű Társaság
MATCHED:     | 1809104756.xml | 1603 | Borgáta Termál Kft. | Borgáta Termál Kereskedelmi, Vendéglátó, Ipari és Szolgáltató Korlátolt Felelősségű Társaság "végelszámolás alatt"
MATCHED:     | 109724251.xml | 181 | Ennet Ingatlanfejlesztő Kft. | ENNET Ingatlanfejlesztő Korlátolt Felelősségű Társaság
not matched: | 1009022210.xml | 20228 | Sanatmetál Kft. | SANATMETAL Csontsebészeti Korlátolt Felelősségű TársaságSANATMETAL Csontsebészeti Eszközöket Gyártó Korlátolt Felelősségű Társaság
MATCHED:     | 1109006434.xml | 5389 | SIKÉR Kft. | "SIKÉR" Malomipari Feldolgozó és Kereskedelmi Korlátolt Felelősségű Társaság
not matched: | 509004544.xml | 3608 | Mihő Kft. | Miskolci Hőszolgáltató Korlátolt Felelősségű TársaságMIHŐ Miskolci Hőszolgáltató Korlátolt Felelősségű Társaság
not matched: | 709014407.xml | 6080 | FOTON Kft. | ETIK Gyártó, Kereskedelmi és Szolgáltató Korlátolt Felelősségű Társaság
MATCHED:     | 1109002821.xml | 7460 | Hornyák Szállítási és Szolgáltató Kft. | Hornyák Szállítási és Szolgáltató Korlátolt Felelősségű Társaság
MATCHED:     | 209065722.xml | 4513 | Somlán Kft. | SOMLÁN Kereskedelmi Korlátolt Felelősségű Társaság
MATCHED:     | 109363436.xml | 6889 | OMSZÖV-MEDIC Kft. | OMSZÖV-MEDIC Orvostechnikai Fejlesztő Gyártó és Kereskedelmi Korlátolt Felelősségű Társaság
MATCHED:     | 1609004981.xml | 6444 | Túri Cipő Kft. | Túri Cipő Gyártó és Kereskedelmi Korlátolt Felelősségű Társaság
not matched: | 109934712.xml | 6569 | SEDESA Építő Kft. | EZENTIS Építő Korlátolt Felelősségű Társaság
MATCHED:     | 109894512.xml | 6391 | Korzó Tervezési Stúdió Kft. | Korzó Tervezési Stúdió Kft.
MATCHED:     | 609013906.xml | 3828 | DARFÜ Dél-alföldi Regionális Fejlesztési Ügynökség Nonprofit Kft | DARFÜ Dél-alföldi Regionális Fejlesztési Ügynökség Nonprofit Kft.
MATCHED:     | 1110001613.xml | 4171 | Pannonmill zrt | PANNONMILL Malomipari Zártkörűen Működő Részvénytársaság
MATCHED:     | 509002486.xml | 7109 | TiszaSzolg 2004 Kft. | TiszaSzolg 2004 Közszolgáltató, Vagyonkezelő és Gazdaságfejlesztő Korlátolt Felelősségű Társaság
MATCHED:     | 109865438.xml | 1858 | Euro-Labor Invest Kft. | EURO-LABOR INVEST Egészségügyi Szolgáltató és Tanácsadó Korlátolt Felelősségű Társaság
MATCHED:     | 109920822.xml | 6563 | ÉPSERVTERV Kft. | ÉPSERVTERV Tervező és Kivitelező Korlátolt Felelősségű Társaság
MATCHED:     | 106739205.xml | 7342 | TAMANI Építőipari Szolgáltató Betéti Társaság | TAMANI Építőipari Szolgáltató Betéti Társaság
MATCHED:     | 406001190.xml | 4581 | Szöllősi és Társai Bt. | Szöllősi és Társai Ipari, Kereskedelmi és Szolgáltató Betéti TársaságSzöllősi és Társai Ipari, Kereskedelmi és Szolgáltató Betéti Társaság "felszámolás alatt"
not matched: | 1309100899.xml | 7248 | P-Com Kft. | "Art of Com ." Marketing és Kommunikációs Szolgáltató Korlátolt Felelősségű Társaság
MATCHED:     | 109734465.xml | 5170 | Citibank Europe plc. Magyarországi Fióktelepe | "3 Grácia-Komplex" Szolgáltató Kereskedelmi és Építőipari Korlátolt Felelősségű Társaság
MATCHED:     | 609004829.xml | 6596 | TECHNOMED Kft. | "TECHNOMED" Orvosi Műszergyártó Korlátolt Felelősségű Társaság
MATCHED:     | 309104117.xml | 3568 | Medigordiusz Kft. | Medigordiusz Egészségügyi Szolgáltatók Átalakulását Koordináló és Tanácsadó Kft. "végelszámolás alatt"
MATCHED:     | 109666945.xml | 3323 | Metropolitan Enterprises Kft. | METROPOLITAN ENTERPRISES Tanácsadó és Ingatlanforgalmazó Kft.
MATCHED:     | 109461414.xml | 4964 | OPC Szemészeti Termék Központ Kft. | OPC Szemészeti Termék Központ Kft.
MATCHED:     | 1909500271.xml | 1359 | Bakonyi Bauxitbánya Kft. | Bakonyi Bauxitbánya Korlátolt Felelősségű Társaság
MATCHED:     | 109065889.xml | 5440 | Medilab Kft. | MEDILAB Labortechnikai Kutató-Fejlesztő Korlátolt Felelősségű Társaság
MATCHED:     | 809009850.xml | 5090 | AVA-PACK Kft. | AVA-PACK Ipari, Kereskedelmi és Szolgáltató Korlátolt Felelősségű Társaság
MATCHED:     | 1509067887.xml | 6453 | INERT Építési és Építési Törmelék Újrahasznosító Kft. | INERT Építési és Építési Törmelék Újrahasznosító Korlátolt Felelősségű Társaság
MATCHED:     | 1609006411.xml | 6223 | MM MAX Kereskedelmi és Szolgáltató Kft. | MM MAX Kereskedelmi és Szolgáltató Korlátolt Felelősségű Társaság
not matched: | 109944584.xml | 802 | Insomnia Kft. | CLUB INSOMNIA Vendéglátó és Szolgáltató Korlátolt Felelősségű Társaság
MATCHED:     | 609013804.xml | 5597 | Kőszén-Trans Kft. | Kőszén-Trans Kereskedelmi, Termelő és Szolgáltató Korlátolt Felelősségű Társaság
not matched: | 709013573.xml | 1366 | Ropánt Kft. | DONERA Építőipari, Kivitelező Korlátolt Felelősségű Társaság
not matched: | 109467008.xml | 3171 | Dipolog Kft. | Oaktree Tanácsadó Korlátolt Felelősségű Társaság
MATCHED:     | 110044829.xml | 6421 | Magyar Közigazgatásfejlesztési Zrt. | Magyar Közigazgatásfejlesztési és Tanácsadó Zártkörűen Működő Részvénytársaság
MATCHED:     | 709005140.xml | 1695 | Dunaújvárosi Víz-, Csatorna- és Hőszolgáltató Kft. | Dunaújvárosi Víz-, Csatorna- Hőszolgáltató Korlátolt Felelősségű Társaság
MATCHED:     | 109069727.xml | 6217 | EXCELSIOR Ipari Szolgáltató Kft. | EXCELSIOR Ipari Szolgáltató Kft.
MATCHED:     | 109264045.xml | 7305 | Garagent AutóTeszt Hungary Kft. | GarAgent AutóTeszt Hungary Termelő és Kereskedelmi Korlátolt Felelősségű Társaság
MATCHED:     | 110041305.xml | 594 | Generali-Providencia Biztosító Rt. | Generali-Providencia Biztosító Zrt.
MATCHED:     | 109698167.xml | 481 | Porr Kft. | O. D. B.-Duna Folyamszabályozási és Vízépítési Korlátolt Felelősségű Társaság
MATCHED:     | 809003150.xml | 6667 | Magdács Építőipari és Kereskedelmi Kft. | Magdács Építőipari és Kereskedelmi Korlátolt Felelősségű Társaság
not matched: | 1109016935.xml | 2338 | Rufusz Computer Kft. | KIDŐLT TIBHCET Korlátolt Felelősségű Társaság
MATCHED:     | 109566792.xml | 4600 | Horváth és Csiki Kft. | Horváth és Csiki Szolgáltató és Kereskedelmi Korlátolt Felelősségű Társaság
MATCHED:     | 110045993.xml | 1638 | Grid CEE Zrt. | GRID CEE Tanácsadó Zártkörűen Működő Részvénytársaság
MATCHED:     | 109867791.xml | 1954 | Szirt Invest Kft. | SZIRT INVEST Befektető és Vagyonkezelő Korlátolt Felelősségű Társaság
MATCHED:     | 909003314.xml | 6748 | Globál Sport Kft. | "GLOBÁL SPORT" Ipari kereskedelmi és Szolgáltató Korlátolt Felelősségű Társaság
MATCHED:     | 909002925.xml | 2246 | Debreceni Kulturális Fesztiválközpont Kft. | DEBRECENI KULTURÁLIS ÉS FESZTIVÁLKÖZPONT Korlátolt Felelősségű Társaság
not matched: | 909010191.xml | 5630 | MOVILL Korlátolt Felelősségű Társaság | DYNA-MOVILL Kereskedelmi és Szolgáltató Korlátolt Felelősségű TársaságDYNA-MOVILL Kereskedelmi és Szolgáltató Korlátolt Felelősségű Társaság "felszámolás alatt"
MATCHED:     | 1506081434.xml | 7603 | Co-Opció Bt. | CO-OPCIÓ Építészeti, Tervező és Tanácsadó Betéti Társaság
MATCHED:     | 109461386.xml | 5212 | IMI International Kft. | IMI International Kereskedelmi és Szolgáltató Korlátolt Felelősségű Társaság
not matched: | 509002518.xml | 601 | MÁV-Tiszavas Kft. | Technical Services Hungaria Járműjavító Korlátolt Felelősségű Társaság
not matched: | 109862468.xml | 857 | K-Immo Kft. | É-K IMMO Kereskedelmi és Szolgáltató Korlátolt Felelősségű Társaság
MATCHED:     | 109263857.xml | 5471 | Dél Pesti T&T Kft. | "2L" Környezetvédelmi Lakberendezési és Kereskedelmi Korlátolt Felelősségű Társaság "felszámolás alatt"
MATCHED:     | 1109016001.xml | 7526 | Hornyák Mélyépítő és Szolgáltató Kft. | HORNYÁK Mélyépítő és Szolgáltató Korlátolt Felelősségű Társaság
MATCHED:     | 1306041506.xml | 4269 | Navicom-Plusz Bt. | NAVICOM-PLUSZ Kereskedelmi és Szolgáltató Betéti Társaság
MATCHED:     | 109892810.xml | 482 | Prestige Média Kft. | PRESTIGE MÉDIA Kereskedelmi és Szolgáltató Korlátolt Felelősségű Társaság "felszámolás alatt"
MATCHED:     | 1309105603.xml | 6792 | Bodrogi Hús Kft. | BODROGI HÚS Kereskedelmi és Szolgáltató Korlátolt Felelősségű Társaság
MATCHED:     | 309104430.xml | 5434 | JÉGSZILÁNK Kft. | JÉGSZILÁNK Kereskedelmi és Szolgáltató Korlátolt Felelősségű Társaság
MATCHED:     | 1210001520.xml | 3576 | Ipoly Erdő Zrt. | IPOLY ERDŐ Zártkörűen Működő Részvénytársaság
not matched: | 109689646.xml | 3883 | Klíma Kft. | "3A-Páris" Klíma és Hűtéstechnikai Korlátolt Felelősségű Társaság
MATCHED:     | 109895981.xml | 20259 | WIGWAM BAU Kft. | Wigwam Bau Építőipari Korlátolt Felelősségű Társaság
MATCHED:     | 306113003.xml | 900 | Ariba Bt. | ARIBA Kereskedelmi és Szolgáltató Betéti Társaság
MATCHED:     | 109716705.xml | 3417 | Hexacon Ingatlanfejlesztő Kft. | Hexacon Ingatlanfejlesztő Korlátolt Felelősségű Társaság
MATCHED:     | 110044642.xml | 76 | Civil Biztonsági Szolgálat Rt. | CIVIL Biztonsági Szolgálat Zártkörűen Működő Részvénytársaság
MATCHED:     | 1906507896.xml | 2483 | Íródeák Bt. | "ÍRÓDEÁK PLUSZ" Kereskedelmi és Szolgáltató Betéti Társaság "felszámolás alatt"
not matched: | 210060282.xml | 7084 | Platina – Bau Ipari, Kereskedelmi és Szolgáltató Zrt. | PLATINA-BAU Zártkörűen Működő Ipari Kereskedelmi és Szolgáltató Részvénytársaság
MATCHED:     | 709009350.xml | 3666 | Dunabau Kft. | "DUNABAU 777" Építőipari és Szolgáltató Korlátolt Felelősségű Társaság
MATCHED:     | 109072241.xml | 6242 | TUS Építész Tervező Kft. | "TUS" Építész Tervező Korlátolt Felelősségű Társaság
MATCHED:     | 109915729.xml | 6338 | CSERHÁT HÁZ Kft. | CSERHÁT HÁZ Korlátolt Felelősségű Társaság
not matched: | 809002069.xml | 5829 | Sragner & Sragner Kft. | "AVALON" Kereskedőház Korlátolt Felelősségű Társaság FELSZÁMOLÁS ALATT! Fpk. 98/1994.
MATCHED:     | 1909501277.xml | 3259 | Technoil Kft. | "TECHNOIL" Műszaki, Innovációs- és Kereskedelmi Korlátolt Felelősségű Társaság
not matched: | 1109014590.xml | 677 | Eurocast Kft. | EUROCAST-ENGINEERING Kereskedelmi és Szolgáltató Korlátolt Felelősségű Társaság
MATCHED:     | 109890659.xml | 6101 | cO-Ording Kft. | cO-Ording Közbeszerzési Projekttanácsadó és Kereskedelmi Korlátolt Felelősségű Társaság
not matched: | 110041618.xml | 109 | Pannonplast Rt. | PannErgy Nyilvánosan Működő Részvénytársaság
not matched: | 609007331.xml | 4244 | Varjas-Bau Kft. | VARBAU-AGRO Kereskedelmi és Szolgáltató Korlátolt Felelősségű Társaság
MATCHED:     | 110044419.xml | 1314 | Eston International Ingatlantanácsadó Zrt. | ESTON International Ingatlantanácsadó Zártkörűen Működő Részvénytársaság
MATCHED:     | 809006867.xml | 1853 | Közgáz Tőzsde Klub Kft. | KÖZGÁZ TŐZSDE KLUB Kereskedelmi és Szolgáltató Korlátolt Felelősségű Társaság
MATCHED:     | 109662376.xml | 3474 | MindMaker Kft. | Mindmaker Számítástechnikai Kutató, Fejlesztő Laboratórium és Szolgáltató Kereskedelmi Korlátolt Felelősségű Társaság
MATCHED:     | 706007398.xml | 6901 | Sulitech „a teljesség igényével” Kereskedelmi és Szolgáltató Bt. | SULITECH "a teljesség igényével" Kereskedelmi és Szolgáltató Betéti Társaság
MATCHED:     | 1309069700.xml | 6226 | VITÉP ’95 Kft. | VITÉP '95 Vízügyi és Épitőipari Korlátolt Felelősségű Társaság
MATCHED:     | 510000135.xml | 13649 | ÉSZAKERDŐ Erdőgazdasági Zrt. | ÉSZAKERDŐ Erdőgazdasági Zártkörűen Működő Részvénytársaság
MATCHED:     | 909013661.xml | 4086 | KENÉZY KÓRHÁZ Rendelőintézet Egészségügyi Szolgáltató Nonprofit Kft. | KENÉZY KÓRHÁZ Rendelőintézet Egészségügyi Szolgáltató Nonprofit Korlátolt Felelősségű Társaság
not matched: | 409003472.xml | 5018 | Koós Kft. | DONATH ÉS TÁRSA SZOLGÁLTATÓ ÉS KERESKEDELMI KORLÁTOLT FELELŐSSÉGŰ TÁRSASÁG
MATCHED:     | 1309131850.xml | 5542 | KORSHAK Kft. | Korshak Capital Korlátolt Felelősségű Társaság
MATCHED:     | 109706606.xml | 1386 | Citadella Investment Kft. | CITADELLA CASH Kereskedelmi és Szolgáltató Korlátolt Felelősségű Társaság "végelszámolás alatt"
MATCHED:     | 509009072.xml | 420 | É-D Vascentrum Kft. | "É-D VASCENTRUM" Ingatlanforgalmazó, Kereskedelmi és Szolgáltató Korlátolt Felelősségű Társaság
MATCHED:     | 1309126509.xml | 4665 | OTYS Úttechnika Kft. | OTYS ÚTTECHNIKA Korlátolt Felelősségű Társaság
MATCHED:     | 410001429.xml | 2223 | Hidasháti Rt. | Hidasháti Mezőgazdasági Zártkörűen Működő Részvénytársaság
not matched: | 1009026671.xml | 2115 | Grand Coop Kft. | GRAND-COOP 2005 Vendéglátóipari és Szolgáltató Korlátolt Felelősségű Társaság
MATCHED:     | 609004996.xml | 2786 | Ekofutur Kft. | EKOFUTUR Környezet Technológiai Termelő és Szolgáltató Kft.
MATCHED:     | 1509074338.xml | 5664 | Jósa András Oktatókórház Egészségügyi Szolgáltató Nonprofit Kft. | Jósa András Oktatókórház Egészségügyi Szolgáltató Nonprofit Korlátolt Felelősségű Társaság
MATCHED:     | 1409308720.xml | 3911 | Tormási Kft. | "Tormási 2008" Építőipari Kivitelező Szolgáltató és Kereskedelmi Korlátolt Felelősségű Társaság
MATCHED:     | 106512306.xml | 6870 | Tesz-MM Bt. | Tesz-MM Szolgáltató és Kereskedelmi Betéti Társaság
MATCHED:     | 1309088609.xml | 5054 | INNOVEN Kft. | INNOVEN Közétkeztetési Korlátolt Felelősségű Társaság
MATCHED:     | 109680662.xml | 4838 | InterMap Térinformatikai Tanácsadó Iroda Kft. | INTERMAP Térinformatikai és Közigazgatás-fejlesztési Iroda Korlátolt Felelősségű Társaság
not matched: | 1309109261.xml | 4570 | Márianosztrai Fegyház és Börtön | Nagymarosi Autó Kereskedelmi és Szolgáltató Korlátolt Felelősségű Társaság
MATCHED:     | 109893815.xml | 1218 | Landimpex Szolgáltató és Tanácsadó Kft. | Landimpex Szolgáltató és Tanácsadó Korlátolt Felelősségű Társaság
MATCHED:     | 109698766.xml | 2868 | Chase Corporation Ingatlanhasznosítási Kft. | CHASE CORPORATION Ingatlanhasznosítási Korlátolt Felelősségű Társaság "felszámolás alatt"
not matched: | 806007582.xml | 5673 | Kovács és Társa Betéti Társaság | "AUDIT 2002" Könyvvizsgáló és Szolgáltató Betéti Társaság
not matched: | 109067159.xml | 981 | Resonator Kft. | LOMB Ingatlanhasznosítási Korlátolt Felelősségű Társaság
MATCHED:     | 110042279.xml | 7472 | Perfekt Gazdasági Tanácsadó és Oktató Zrt. | PERFEKT Gazdasági Tanácsadó, Oktató és Kiadó Zártkörűen Működő Részvénytársaság
MATCHED:     | 1209003973.xml | 4916 | Fini Plus Kft. | FINI PLUS Élelmiszeripari és Kereskedelmi Korlátolt Felelősségű Társaság
MATCHED:     | 909002671.xml | 5657 | BMT 2000 Kft. | BMT. 2000 Építő, Szolgáltató és Kereskedelmi Korlátolt Felelősségű TársaságBMT. 2000 Building MT. Építő, Szolgáltató és Kereskedelmi Korlátolt Felelősségű Társaság
MATCHED:     | 909009197.xml | 7624 | ”SZIB-ÉP” Kft. | "SZIB-ÉP" Építőipari Korlátolt Felelősségű Társaság
MATCHED:     | 109697205.xml | 821 | Media Magnet Kft. | Media Magnet Médiaügynökség Korlátolt Felelősségű Társaság
not matched: | 910000068.xml | 4172 | Hajdú Gabona zrt | Hajdusági Gabonaipari Zártkörűen Működő Részvénytársaság
not matched: | 109463743.xml | 3477 | Contact Nord Kft. | ABSOLVENTUM Reorganizációs tanácsadó, Vagyonfelügyelő és Felszámoló Korlátolt Felelősségű Társaság
MATCHED:     | 109683673.xml | 3027 | Belvárosi Kaszinó Kft. | BELVÁROSI KASZINÓ Szerencsejáték Szervező Korlátolt Felelősségű Társaság
not matched: | 109674056.xml | 1636 | Ster Century Magyarország Kft. | Palace Cinemas Magyarország Szórakoztató Korlátolt Felelősségű Társaság
MATCHED:     | 1306033882.xml | 1699 | Big-Best Bt. | Big-Best Szolgáltató Betéti Társaság
not matched: | 109664459.xml | 3623 | Dialóg Kft. | CONTRA-DIALÓG Kereskedelmi és Szolgáltató Kft.
MATCHED:     | 2009061030.xml | 6998 | Pannon Lapok Társasága Kiadói Korlátolt Felelősségű Társaság | PANNON LAPOK TÁRSASÁGA KIADÓI KORLÁTOLT FELELŐSSÉGŰ TÁRSASÁG
not matched: | 709013315.xml | 4609 | Tanoda Kft, | "ARANYKÉZ TANODA" Oktató, Kereskedelmi és Szolgáltató Korlátolt Felelősségű Társaság
MATCHED:     | 609001270.xml | 2389 | LP Invest Kft. | LP Invest Pénzügyi és Befektetési Tanácsadó Kft.
MATCHED:     | 106724854.xml | 3633 | Para Szerkesztői Bt. | PARA Szerkesztői, Szolgáltató és Kereskedelmi Betéti Társaság
MATCHED:     | 109162191.xml | 5457 | Kasib Mérnöki Manager Iroda Kft. | KASIB MÉRNÖKI MANAGER IRODA KORLÁTOLT FELELŐSSÉGŰ TÁRSASÁG
not matched: | 1509067605.xml | 6504 | N+F Kft. | "B. N. BAU" Ingatlanforgalmazó és Kereskedelmi Korlátolt Felelősségű Társaság "felszámolás alatt"
MATCHED:     | 110045409.xml | 934 | FHB Ingatlan Zrt. | FHB Ingatlan Zártkörűen Működő Részvénytársaság
MATCHED:     | 1909509649.xml | 2427 | Kab-hegy 2004. Kft. | KAB-HEGY 2004 Környezetgazdálkodási és Természetvédelmi Nonprofit Korlátolt Felelősségű Társaság
MATCHED:     | 109686254.xml | 4929 | Dr. Schumacher Magyarország Kft. | Dr. Schumacher Magyarország Ipari, Kereskedelmi és Szolgáltató Korlátolt Felelősségű Társaság
MATCHED:     | 309104315.xml | 5649 | CAR-TEX HALAS Kft. | CAR - TEX HALAS Feldolgozó- és Kereskedelmi Korlátolt Felelősségű Társaság
MATCHED:     | 1509069529.xml | 3164 | Bige Holding Kft. | "Bige Holding Genezis" Kereskedelmi Korlátolt Felelősségű Társaság
MATCHED:     | 109162211.xml | 5635 | MEDI-TERVILL Kft. | MEDI-TERVILL Kereskedelmi és Szolgáltató Korlátolt Felelősségű Társaság
MATCHED:     | 309104437.xml | 20284 | BAU-VITA KFT. | BAU-VITA Építőipari-fővállalkozó és Ingatlanforgalmazó Korlátolt Felelősségű Társaság
MATCHED:     | 1409302220.xml | 5958 | PANNON Mérnöki és Fővállalkozó Kft. | PANNON Mérnöki és Fővállalkozó Korlátolt Felelősségű Társaság
MATCHED:     | 1109009359.xml | 3341 | Esztergomi Köztisztasági Kft. | Esztergomi Köztisztasági Szolgáltató Korlátolt Felelősségű Társaság
MATCHED:     | 1309131914.xml | 932 | Mimóza Kft. | Mimó és Mimóza Kereskedelmi és Vendéglátó Korlátolt Felelősségű Társaság
MATCHED:     | 1610001734.xml | 2979 | Agrofalkon Rt. | AGROFALKON Tanácsadó és Szolgáltató Zártkörűen Működő Részvénytársaság
MATCHED:     | 109884255.xml | 2258 | Vektor Munkavédelmi Kft. | VEKTOR Munkavédelmi, Műszaki Fejlesztő és Gyártó Korlátolt Felelősségű Társaság
not matched: | 1309114622.xml | 7542 | PROFI 2007. Kft. | PROFI-KONT 2007 Kereskedelmi és Szolgáltató Korlátolt Felelősségű Társaság
MATCHED:     | 1409309031.xml | 2804 | Group 4 Kft. | 4 L Group Kereskedelmi és Szolgáltató Korlátolt Felelősségű Társaság
MATCHED:     | 809004924.xml | 1562 | Heliszolg Kft. | HELISZOLG Helikopteres Légi Szolgáltató Korlátolt Felelősségű Társaság
MATCHED:     | 110046571.xml | 728 | Prostasia Zrt. | PROSTASIA Zártkörűen Működő Részvénytársaság
MATCHED:     | 906012221.xml | 5996 | KASMIR PLAN Bt. | KASMIR PLAN Kereskedelmi és Szolgáltató Betéti Társaság
MATCHED:     | 409005922.xml | 20156 | Zsadányi Malom 97 Kft. | Zsadányi Malom '97. Gabonafeldolgozó és Kereskedelmi Korlátolt Felelősségű Társaság
MATCHED:     | 2009067551.xml | 2364 | Terrakontroll Kft. | TERRAKONTROLL Talajminősítő és Ellenőrző Korlátolt Felelősségű Társaság
MATCHED:     | 509005101.xml | 6497 | GOMVILL Kft. | GOMVILL Ipari, Kereskedelmi és Szolgáltató Korlátolt Felelősségű Társaság
MATCHED:     | 109921024.xml | 4327 | VÁTI Magyar Regionális Fejlesztési és Urbanisztikai Nonprofit Kft. | VÁTI Magyar Regionális Fejlesztési és Urbanisztikai Nonprofit Korlátolt Felelősségű Társaság
not matched: | 109728653.xml | 2996 | Tetthely Kft. | ÉL 93 Consulting Kereskedelmi és Szolgáltató Korlátolt Felelősségű Társaság
MATCHED:     | 110042168.xml | 4191 | Diagnosticum Zrt. | DIAGNOSTICUM Gyártó és Forgalmazó Zártkörűen Működő Részvénytársaság
MATCHED:     | 109736460.xml | 6903 | Causa Investment Kft. | Causa Investment Építőipari és Szolgáltató Korlátolt Felelősségű Társaság
MATCHED:     | 102051335.xml | 5356 | Őrmező Egyesült Lakásfenntartó Szövetkezet | "ŐRMEZŐ" Egyesült Lakásfenntartó Szövetkezet
MATCHED:     | 109920194.xml | 5704 | ECO-SENSUS Kutató, oktató és Kommunikációs Közhasznú Nonprofit Kft. | ECO-SENSUS Kutató, Oktató és Kommunikációs Közhasznú Nonprofit Korlátolt Felelősségű Társaság
MATCHED:     | 1209003180.xml | 5314 | Ipoly Kenyér Kft. | IPOLY KENYÉR Termelő Kereskedelmi és Szolgáltató Korlátolt Felelősségű Társaság
MATCHED:     | 1809103631.xml | 4135 | Márk-Holz Fakereskedelmi Kft. | MÁRK - HOLZ Fakereskedelmi Korlátolt Felelősségű Társaság
not matched: | 1309109815.xml | 6969 | Gép- Liget Kft. | GÉP-LIGET Építőipari Korlátolt Felelősségű Társaság
MATCHED:     | 109912651.xml | 4278 | ARCHIPARTNERS Építészeti, Kereskedelmi és Szolgáltató Kft. | ARCHIPARTNERS Építészeti, Kereskedelmi és Szolgáltató Korlátolt Felelősségű Társaság
MATCHED:     | 109880241.xml | 7153 | MonDay Consulting Kft. | MONDAY CONSULTING Tanácsadó Korlátolt Felelősségű Társaság
MATCHED:     | 109467579.xml | 4492 | Szamos-H. Kft. | Szamos-H. Kereskedelmi és Szolgáltató Korlátolt Felelősségű Társaság
MATCHED:     | 110043739.xml | 6104 | Ex Asse Zrt. | EX ASSE Könyvvizsgáló, Adó-és Pénzügyi, Gazdasági Tanácsadó Zártkörűen Működő Részvénytársaság
not matched: | 109466334.xml | 1077 | Fővárosi Településtisztasági és Környezetvédelmi Kft. | FTSZV Fővárosi Településtisztasági és Környezetvédelmi Korlátolt Felelősségű Társaság
MATCHED:     | 909017181.xml | 7152 | Debrecen Jégcsarnok Nonprofit Kft. | Debrecen Jégcsarnok Fejlesztő és Üzemeltető Nonprofit Kiemelten Közhasznú Korlátolt Felelősségű Társaság
MATCHED:     | 109883742.xml | 7050 | Agfa Egészségügyi Magyarország Kft. | Agfa Egészségügyi Magyarország Kereskedelmi és Szolgáltató Korlátolt Felelősségű Társaság
not matched: | 109164784.xml | 3651 | Crime Line Kft. | CRIME-LINE Szolgáltató és Kereskedelmi Korlátolt Felelősségű Társaság
not matched: | 110044590.xml | 5115 | BM HEROS Javító, Gyártó, Szolgáltató és Kereskedelmi Zrt. | Belügyminisztérium HEROS Javító, Gyártó, Szolgáltató és Kereskedelmi Zártkörűen Működő Részvénytársaság
MATCHED:     | 210060233.xml | 562 | Mecsekérc Rt. | MECSEKÉRC Környezetvédelmi Zártkörűen Működő Részvénytársaság
MATCHED:     | 109677617.xml | 5459 | Sz. S. Építész Kft. | Sz. S Építész Korlátolt Felelősségű Társaság
MATCHED:     | 1309102092.xml | 20307 | Manzárd Catering Kft. | Manzárd Catering Vendéglátóipari és Rendezvényszervező Korlátolt Felelősségű Társaság
MATCHED:     | 809018926.xml | 4962 | Szanyépszer Kft. | SZANYÉPSZER PROJEKT Építőipari Kivitelező Korlátolt Felelősségű Társaság
MATCHED:     | 109076396.xml | 2896 | Tivoli-Filmprodukció Kft. | TIVOLI-FILMPRODUKCIÓ Filmgyártó és Filmforgalmazó Korlátolt Felelősségű Társaság
MATCHED:     | 1509069144.xml | 4385 | Kelet-Ablak Kft. | KELET-ABLAK Műanyag Nyílászáró-gyártó és Forgalmazó Korlátolt Felelősségű Társaság
MATCHED:     | 109704748.xml | 3118 | Bankkonzult | BankKonzult Energy Szerelő és Szolgáltató Korlátolt Felelősségű Társaság
not matched: | 109369486.xml | 1590 | Airterminal Development Corporation | Ferihegyi Utasterminál Fejlesztő Korlátolt Felelősségű Társaság
MATCHED:     | 910000399.xml | 5038 | HUNÉP-UNISZOL Zrt. | HUNÉP-UNISZOL Szolgáltató és Építőipari Zártkörűen Működő Részvénytársaság
MATCHED:     | 509002397.xml | 2749 | Imperial Tokaji Kft. | IMPERIAL TOKAJI BORKERESKEDELMI EXPORT-IMPORT Vállalkozási és Szolgáltató Korlátolt Felelősségű Társaság
not matched: | 1809109059.xml | 3423 | Speed Hungary Kft. | BB EURO-SPEED Hungary Belföldi és Nemzetközi Fuvarozó Korlátolt Felelősségű Társaság
not matched: | 1909060046.xml | 4265 | M és Társa Kft. | "M-TECH" Szolgáltató Korlátolt Felelősségű Társaság
not matched: | 709008193.xml | 20275 | SHS Építő, Tervező és Kivitelező Kft. | SHS-ÉPÍTŐ Tervező és Kivitelező Korlátolt Felelősségű Társaság
MATCHED:     | 1909500236.xml | 5446 | VEMÉV-SZER Építő és Szerelőipari Kft. | VEMÉV-SZER Építő- és Szerelőipari Korlátolt Felelősségű Társaság
MATCHED:     | 709010654.xml | 2202 | Datex Kft. | DATEX - ALBA Vagyonhasznosító és Szolgáltató Korlátolt Felelősségű Társaság
not matched: | 110045015.xml | 2588 | Pannon Konzult Rt. | ASP Port Alakalmazás Szolgáltató Zártkörűen Működő Részvénytársaság "végelszámolás alatt"
MATCHED:     | 109714814.xml | 7558 | 3R Kft. | 3R GROUP Kereskedelmi és Szolgáltató Kft.
MATCHED:     | 109891380.xml | 1761 | Reliable Consulting Kft. | RELIABLE CONSULTING Nemzetközi Üzleti és Biztonsági Tanácsadó Korlátolt Felelősségű Társaság
MATCHED:     | 1309123066.xml | 6206 | Adonyi Vagyonkezelő Kft. | Adonyi Vagyonkezelő és Ingatlanforgalmazó Korlátolt Felelősségű Társaság
MATCHED:     | 109681203.xml | 6271 | Sykomor Kft. | SYKOMOR Belsőépítészeti és Kereskedelmi Korlátolt Felelősségű Társaság
MATCHED:     | 1509063540.xml | 13445 | Ében-Trade Kft. | "ÉBEN-TRADE" Kereskedelmi, Szolgáltató és Tanácsadó Korlátolt Felelősségű Társaság
MATCHED:     | 1109010016.xml | 4330 | VÉRTESASZFALT Építőipari, Kereskedelmi és Szolgáltató Kft. | VértesAszfalt Építőipari, Kereskedelmi és Szolgáltató Korlátolt Felelősségű Társaság
MATCHED:     | 609012699.xml | 7356 | 1000 Mester Szakképzés-szervezési Nonprofit Kiemelkedően Közhasznú Kft. | 1000 Mester Szakképzés-szervezési Nonprofit Kiemelkedően Közhasznú Korlátolt Felelősségű Társaság
MATCHED:     | 110045707.xml | 1334 | BHD Hőerőmű Zrt. | BHD Hőerőmű zártkörűen működő Részvénytársaság
MATCHED:     | 706006466.xml | 1528 | Bányaker Bt. | BÁNYAKER'100 Bányászati Kereskedelmi és Szolgáltató Betéti Társaság
MATCHED:     | 110045526.xml | 7616 | MAG - Magyar Gazdaságfejlesztési Központ Zrt. | MAG - Magyar Gazdaságfejlesztési Központ Zártkörűen Működő Részvénytársaság
MATCHED:     | 109693334.xml | 1078 | 7E Kft. | "7E" Kereskedelmi és Ingatlanhasznosító Korlátolt Felelősségű Társaság
MATCHED:     | 1809100616.xml | 6882 | SIEX Ipari Kereskedelmi és Szolgáltató Kft. | SIEX Ipari, Kereskedelmi és Szolgáltató Korlátolt Felelősségű Társaság
not matched: | 1309131550.xml | 1154 | Gold-Lak Kft. | ÉP-LAK GOLD Kereskedelmi és Szolgáltató Korlátolt Felelősségű Társaság
MATCHED:     | 109911353.xml | 7638 | SKS-Terv Mérnökiroda Kft. | SKS Terv Mérnökiroda Korlátolt Felelősségű Társaság
MATCHED:     | 1409307479.xml | 7445 | Egyed és Társa Élelmiszer és Vegyesáru Nagykereskedelmi Kft. | "Egyed és Társa" Élelmiszer és Vegyesáru Nagykereskedelmi Korlátolt Felelősségű Társaság
not matched: | 1609005828.xml | 2386 | Szapáry Üzletház Kft. | K-PROJECT Ingatlanfejlesztő Korlátolt Felelősségű Társaság
MATCHED:     | 110045565.xml | 4829 | RacioNet Számítástechnikai Kereskedelmi és Szolgáltató Zrt. | RacioNet Számítástechnikai Kereskedelmi és Szolgáltató Zártkörűen Működő Részvénytársaság
MATCHED:     | 509003845.xml | 5777 | Podráczki és Társa Kft. | "PODRÁCZKI és társa" Kereskedelmi, Épitőipari és Szolgáltató Korlátolt Felelősségű Társaság
MATCHED:     | 1506084502.xml | 2570 | Sztár-Gold Bt. | "SZTÁR-GOLD" Kereskedelmi és Szolgáltató Betéti Társaság
MATCHED:     | 1509062080.xml | 875 | BASe Kft. | "B.A.S.E" Kereskedelmi, Szállitási és Szállitmányozási Korlátolt Felelősségű Társaság
MATCHED:     | 110044155.xml | 3408 | Asix Kereskedelmi és Ingatlanhasznosítási Zrt. | ASIX Kereskedelmi, Ingatlanhasznosító és Szolgáltató RészvénytársaságASIX Kereskedelmi, Ingatlanhasznosítási és Szolgáltató Zártkörűen Működő Részvénytársaság
MATCHED:     | 809019661.xml | 3916 | Jáger-Béli Kft. | Jáger-Béli Építőipari Korlátolt Felelősségű Társaság
MATCHED:     | 109874127.xml | 6838 | Pribomeat Kereskedelmi Kft. | PRIBOMEAT Kereskedelmi Korlátolt Felelősségű Társaság
MATCHED:     | 109268978.xml | 1263 | Piatnik Budapest Kft. | Piatnik Budapest Kft.
MATCHED:     | 409001759.xml | 4264 | Szőke és Társai Kft. | Szőke és Társai Gasztronómiai és Élelmiszer-kereskedelmi Korlátolt Felelősségű Társaság
MATCHED:     | 1309061979.xml | 5285 | GILDEX Kft. | GILDEX Útépítő és Útfenntartó Korlátolt Felelősségű Társaság
MATCHED:     | 110044000.xml | 566 | Infopark Fejlesztési Zrt. | Infopark Fejlesztési Zártkörűen Működő Részvénytársaság
not matched: | 609006412.xml | 3414 | PRESS 2000 Kft. | "X-press 2000." Nyomdaipari Kft.
MATCHED:     | 906003057.xml | 6773 | BIO-INSECT Bt. | "BIO-INSECT" Kereskedelmi és Szolgáltató Betéti Társaság
MATCHED:     | 109697601.xml | 1516 | BR Immobilia Ingatlanforgalmazó Kft. | BR IMMOBILIA Ingatlanforgalmazó Korlátolt Felelősségű Társaság "felszámolás alatt"
MATCHED:     | 109062759.xml | 5453 | Bridge Kft. | "BRIDGE" Termelési és Kereskedelmi Kft. végelszámolás alatt
MATCHED:     | 1509073509.xml | 4836 | Nyír-Genterv Kft. | NYÍR-GENTERV Mérnöki Iroda Korlátolt Felelősségű Társaság
not matched: | 110045172.xml | 1675 | D and T Rt. | ÁHF Lízing Pénzügyi Zártkörű Részvénytársaság
MATCHED:     | 109564487.xml | 7368 | GOLDEN WATER Kft. | GOLDEN WATER Szolgáltató Korlátolt Felelősségű Társaság
MATCHED:     | 1209004090.xml | 5808 | BOHÁCS MIKLÓS ÉS TÁRSA Kft. | BOHÁCS MIKLÓS ÉS TÁRSA Vendéglátóipari, Kereskedelmi és Szolgáltató Korlátolt Felelősségű Társaság
MATCHED:     | 209071553.xml | 5917 | ÉFER-BAU Kft. | ÉFER-BAU Építőipari, Kereskedelmi és Szolgáltató Korlátolt Felelősségű Társaság
MATCHED:     | 109073204.xml | 1685 | Volmer Kft. | VOLMER Német-Magyar Szervező, Tervező- és Kereskedelmi Szolgáltató Kft.
MATCHED:     | 109072706.xml | 2970 | Mafracht Kft. | MAFRACHT Nemzetközi Hajózási, Szálítmányozási és Ügynöki Korlátolt Felelősségű Társaság
MATCHED:     | 106741835.xml | 71 | Geuronet Bt. | GEURONET Tanácsadó és Szolgáltató Betéti Társaság
MATCHED:     | 706013846.xml | 6831 | EUDEAL Plusz Bt. | EUDEAL Plusz Építőipari, Kereskedelmi és Szolgáltató Betéti Társaság
MATCHED:     | 110042590.xml | 1315 | Herz Szalámigyár Rt. | HERZ Szalámigyár zártkörűen működő Részvénytársaság "felszámolás alatt"
not matched: | 109074218.xml | 1343 | TECHEM Kft. | NÉMET ON-LINE SZOLGÁLTATÓ KORLÁTOLT FELELŐSSÉGŰ TÁRSASÁG
MATCHED:     | 109731477.xml | 4426 | SOFTIC Kft. | SOFTIC Számítástechnikai és Szolgáltató Korlátolt Felelősségű Társaság
not matched: | 110042294.xml | 1173 | Vektor Bróker Rt. | Avox Tanácsadó Részvénytársaság
not matched: | 109706597.xml | 7416 | Hajdu Építőipari és Kereskedelmi Kft. | "HAJDU-LUX" Szolgáltató, Kereskedelmi és Építőipari Korlátolt Felelősségű Társaság
MATCHED:     | 109713839.xml | 4190 | Pannon Diagnosztika Kft. | Pannon Diagnosztika Kereskedelmi és Szolgáltató Korlátolt Felelősségű Társaság
not matched: | 109864753.xml | 3038 | Symbion Kft. | EURO-Symbion Számítástechnikai és Tanácsadó Korlátolt Felelősségű Társaság
MATCHED:     | 1310040189.xml | 6007 | DMRV Duna Menti Regionális Vízmű Zrt. | DMRV Duna Menti Regionális Vízmű Zártkörűen Működő Részvénytársaság
MATCHED:     | 110042629.xml | 2465 | Eurohívó Magyarország Személyhívó Koncessziós Rt. | EUROHÍVÓ Magyarország Személyhívó Koncessziós Részvénytársaság
MATCHED:     | 2009062738.xml | 1102 | Bamép Kft. | "BAMÉP" Építőipari, Kereskedelmi és Szolgáltató Korlátolt Felelősségű Társaság
MATCHED:     | 109923891.xml | 791 | Palotai Vámügynök Kft. | Palotai Vámügynök Szolgáltató Korlátolt Felelősségű Társaság
MATCHED:     | 909009850.xml | 4754 | Quattro Ker Debrecen Kft. | QUATTRO KER DEBRECEN Ipari, Kereskedelmi és Szolgáltató Korlátolt Felelősségű Társaság
MATCHED:     | 110041192.xml | 3183 | Budapest Holding Első Hazai Vagyonkezelő Zrt. | Budapest Holding Első Hazai Vagyonkezelő Zártkörűen Működő Részvénytársaság
MATCHED:     | 110041344.xml | 1257 | IQSYS Informatikai Rt. | IQSYS Informatikai és Tanácsadó Zártkörűen Működő Részvénytársaság
MATCHED:     | 110041712.xml | 20561 | MFB Magyar Fejlesztési Bank Zártkörűen Működő Részvénytársaság | Magyar Fejlesztési Bank Rt.MFB Magyar Fejlesztési Bank Zártkörűen Működő Részvénytársaság
